C51 COMPILER V9.60.7.0   DELAY                                                             06/06/2024 20:44:02 PAGE 1   


C51 COMPILER V9.60.7.0, COMPILATION OF MODULE DELAY
OBJECT MODULE PLACED IN .\Objects\Delay.obj
COMPILER INVOKED BY: F:\RUANJIAN\Keil_v5\C51\BIN\C51.EXE Delay.c LARGE OPTIMIZE(8,SPEED) BROWSE DEBUG OBJECTEXTEND PRINT
                    -(.\Listings\Delay.lst) TABS(2) OBJECT(.\Objects\Delay.obj)

line level    source

   1          void Delay(unsigned int xms)
   2          {
   3   1        unsigned char  i, j;
   4   1        while(xms) {
   5   2          i = 2;
   6   2          j = 199;
   7   2          do
   8   2          {
   9   3            while (--j);
  10   3          } while (--i);
  11   2          xms--;
  12   2      }
  13   1      }


MODULE INFORMATION:   STATIC OVERLAYABLE
   CODE SIZE        =     20    ----
   CONSTANT SIZE    =   ----    ----
   XDATA SIZE       =   ----    ----
   PDATA SIZE       =   ----    ----
   DATA SIZE        =   ----    ----
   IDATA SIZE       =   ----    ----
   BIT SIZE         =   ----    ----
END OF MODULE INFORMATION.


C51 COMPILATION COMPLETE.  0 WARNING(S),  0 ERROR(S)
