C51 COMPILER V9.60.7.0   DS18B20                                                           06/06/2024 20:44:02 PAGE 1   


C51 COMPILER V9.60.7.0, COMPILATION OF MODULE DS18B20
OBJECT MODULE PLACED IN .\Objects\DS18B20.obj
COMPILER INVOKED BY: F:\RUANJIAN\Keil_v5\C51\BIN\C51.EXE DS18B20.c LARGE OPTIMIZE(8,SPEED) BROWSE DEBUG OBJECTEXTEND PRI
                    -NT(.\Listings\DS18B20.lst) TABS(2) OBJECT(.\Objects\DS18B20.obj)

line level    source

   1          #include <REGX52.H>
   2          #include "OneWire.h"
   3          
   4          //DS18B20指令
   5          #define DS18B20_SKIP_ROM      0xCC
   6          #define DS18B20_CONVERT_T     0x44
   7          #define DS18B20_READ_SCRATCHPAD   0xBE
   8          
   9          /**
  10            * @brief  DS18B20开始温度变换
  11            * @param  无
  12            * @retval 无
  13            */
  14          void DS18B20_ConvertT()
  15          {
  16   1        OneWire_Init(); // 初始化 OneWire 总线，OneWire 是一种串行通信协议
  17   1        OneWire_SendByte(DS18B20_SKIP_ROM);// 发送跳过 ROM 命令，用于单一设备的情况
  18   1        OneWire_SendByte(DS18B20_CONVERT_T);// 发送温度转换命令
  19   1      }
  20          
  21          /**
  22            * @brief  DS18B20读取温度
  23            * @param  无
  24            * @retval 温度数值
  25            */
  26          float DS18B20_ReadT()
  27          {
  28   1        unsigned char TLSB,TMSB;
  29   1        int Temp;
  30   1        float T;
  31   1        OneWire_Init();
  32   1        OneWire_SendByte(DS18B20_SKIP_ROM);
  33   1        OneWire_SendByte(DS18B20_READ_SCRATCHPAD);
  34   1        TLSB=OneWire_ReceiveByte();//读取温度的低字节。
  35   1        TMSB=OneWire_ReceiveByte();//读取温度的高字节。
  36   1        Temp=(TMSB<<8)|TLSB;
  37   1          Temp&=0xfffffffc;
  38   1        T=Temp/16.0;//// 将温度值除以16，得到实际的温度值（DS18B20以0.0625度为单位）DS18B20
             -的温度精度是12位，即它可以测量温度的范围被分为4096个等分，每个等分代表0.0625度。因此
             -，实际的温度值需要通过除以16来转换为以摄氏度为单位的浮点数值。
  39   1        return T;
  40   1      }


MODULE INFORMATION:   STATIC OVERLAYABLE
   CODE SIZE        =     65    ----
   CONSTANT SIZE    =   ----    ----
   XDATA SIZE       =   ----       1
   PDATA SIZE       =   ----    ----
   DATA SIZE        =   ----    ----
   IDATA SIZE       =   ----    ----
   BIT SIZE         =   ----    ----
END OF MODULE INFORMATION.


C51 COMPILATION COMPLETE.  0 WARNING(S),  0 ERROR(S)
