C51 COMPILER V9.60.7.0   MATRIXKEY                                                         06/06/2024 20:44:02 PAGE 1   


C51 COMPILER V9.60.7.0, COMPILATION OF MODULE MATRIXKEY
OBJECT MODULE PLACED IN .\Objects\MatrixKey.obj
COMPILER INVOKED BY: F:\RUANJIAN\Keil_v5\C51\BIN\C51.EXE MatrixKey.c LARGE OPTIMIZE(8,SPEED) BROWSE DEBUG OBJECTEXTEND P
                    -RINT(.\Listings\MatrixKey.lst) TABS(2) OBJECT(.\Objects\MatrixKey.obj)

line level    source

   1          #include <REGX52.H>
   2          #include "Delay.h"
   3          unsigned char MatrixKey() {
   4   1        unsigned char KeyNumber = 0;
   5   1        P1 = 0xFF;
   6   1        P1_3 = 0;
   7   1        if(P1_7 == 0) {Delay(20);while(P1_7 == 0);Delay(20);KeyNumber = 1;}
   8   1        if(P1_6 == 0) {Delay(20);while(P1_6 == 0);Delay(20);KeyNumber = 5;}
   9   1        if(P1_5 == 0) {Delay(20);while(P1_5 == 0);Delay(20);KeyNumber = 9;}
  10   1        if(P1_4 == 0) {Delay(20);while(P1_4 == 0);Delay(20);KeyNumber = 13;}
  11   1        P1 = 0xFF;
  12   1        P1_2 = 0;
  13   1        if(P1_7 == 0) {Delay(20);while(P1_7 == 0);Delay(20);KeyNumber = 2;}
  14   1        if(P1_6 == 0) {Delay(20);while(P1_6 == 0);Delay(20);KeyNumber = 6;}
  15   1        if(P1_5 == 0) {Delay(20);while(P1_5 == 0);Delay(20);KeyNumber = 10;}
  16   1        if(P1_4 == 0) {Delay(20);while(P1_4 == 0);Delay(20);KeyNumber = 14;}
  17   1        P1 = 0xFF;
  18   1        P1_1 = 0;
  19   1        if(P1_7 == 0) {Delay(20);while(P1_7 == 0);Delay(20);KeyNumber = 3;}
  20   1        if(P1_6 == 0) {Delay(20);while(P1_6 == 0);Delay(20);KeyNumber = 7;}
  21   1        if(P1_5 == 0) {Delay(20);while(P1_5 == 0);Delay(20);KeyNumber = 11;}
  22   1        if(P1_4 == 0) {Delay(20);while(P1_4 == 0);Delay(20);KeyNumber = 15;}
  23   1        P1 = 0xFF;
  24   1        P1_0 = 0;
  25   1        if(P1_7 == 0) {Delay(20);while(P1_7 == 0);Delay(20);KeyNumber = 4;}
  26   1        if(P1_6 == 0) {Delay(20);while(P1_6 == 0);Delay(20);KeyNumber = 8;}
  27   1        if(P1_5 == 0) {Delay(20);while(P1_5 == 0);Delay(20);KeyNumber = 12;}
  28   1        if(P1_4 == 0) {Delay(20);while(P1_4 == 0);Delay(20);KeyNumber = 16;}
  29   1        return KeyNumber;
  30   1      }


MODULE INFORMATION:   STATIC OVERLAYABLE
   CODE SIZE        =    446    ----
   CONSTANT SIZE    =   ----    ----
   XDATA SIZE       =   ----       1
   PDATA SIZE       =   ----    ----
   DATA SIZE        =   ----    ----
   IDATA SIZE       =   ----    ----
   BIT SIZE         =   ----    ----
END OF MODULE INFORMATION.


C51 COMPILATION COMPLETE.  0 WARNING(S),  0 ERROR(S)
