C51 COMPILER V9.60.7.0   NIXIE                                                             06/06/2024 20:44:02 PAGE 1   


C51 COMPILER V9.60.7.0, COMPILATION OF MODULE NIXIE
OBJECT MODULE PLACED IN .\Objects\Nixie.obj
COMPILER INVOKED BY: F:\RUANJIAN\Keil_v5\C51\BIN\C51.EXE Nixie.c LARGE OPTIMIZE(8,SPEED) BROWSE DEBUG OBJECTEXTEND PRINT
                    -(.\Listings\Nixie.lst) TABS(2) OBJECT(.\Objects\Nixie.obj)

line level    source

   1          #include <REGX52.H>
   2          #include "Delay.h"
   3          unsigned char NixieTable[] = {0x3F,0x06,0x5B,0x4F,0x66,0x6D,0x7D,0x07,0x7F,0x6F};
   4          unsigned char NixieTableWithDP[] = {0xBF, 0x86, 0xDB, 0xCF, 0xE6, 0xED, 0xFD, 0x87, 0xFF, 0xEF};
   5          
   6          void Nixie(unsigned char Location,Number){
   7   1        switch(Location){ 
   8   2          case 1:P2_4=1;P2_3=1;P2_2=1;break;
   9   2          case 2:P2_4=1;P2_3=1;P2_2=0;break;
  10   2          case 3:P2_4=1;P2_3=0;P2_2=1;break;
  11   2          case 4:P2_4=1;P2_3=0;P2_2=0;break;
  12   2          case 5:P2_4=0;P2_3=1;P2_2=1;break;
  13   2          case 6:P2_4=0;P2_3=1;P2_2=0;break;
  14   2          case 7:P2_4=0;P2_3=0;P2_2=1;break;
  15   2          case 8:P2_4=0;P2_3=0;P2_2=0;break;
  16   2      }
  17   1        P0 = NixieTable[Number];
  18   1        Delay(1);
  19   1        P0 = 0x00;
  20   1      }
  21          
  22          void NixieWithDP(unsigned char Location,Number){
  23   1        switch(Location){ 
  24   2          case 1:P2_4=1;P2_3=1;P2_2=1;break;
  25   2          case 2:P2_4=1;P2_3=1;P2_2=0;break;
  26   2          case 3:P2_4=1;P2_3=0;P2_2=1;break;
  27   2          case 4:P2_4=1;P2_3=0;P2_2=0;break;
  28   2          case 5:P2_4=0;P2_3=1;P2_2=1;break;
  29   2          case 6:P2_4=0;P2_3=1;P2_2=0;break;
  30   2          case 7:P2_4=0;P2_3=0;P2_2=1;break;
  31   2          case 8:P2_4=0;P2_3=0;P2_2=0;break;
  32   2      }
  33   1        P0 = NixieTableWithDP[Number];
  34   1        Delay(1);
  35   1        P0 = 0x00;
  36   1      }


MODULE INFORMATION:   STATIC OVERLAYABLE
   CODE SIZE        =    230    ----
   CONSTANT SIZE    =   ----    ----
   XDATA SIZE       =     20    ----
   PDATA SIZE       =   ----    ----
   DATA SIZE        =   ----    ----
   IDATA SIZE       =   ----    ----
   BIT SIZE         =   ----    ----
END OF MODULE INFORMATION.


C51 COMPILATION COMPLETE.  0 WARNING(S),  0 ERROR(S)
