C51 COMPILER V9.54   NIXIE2                                                                05/29/2024 21:36:43 PAGE 1   


C51 COMPILER V9.54, COMPILATION OF MODULE NIXIE2
OBJECT MODULE PLACED IN .\Objects\Nixie2.obj
COMPILER INVOKED BY: D:\software\keli5\C51\BIN\C51.EXE Nixie2.c LARGE OPTIMIZE(8,SPEED) BROWSE DEBUG OBJECTEXTEND PRINT(
                    -.\Listings\Nixie2.lst) TABS(2) OBJECT(.\Objects\Nixie2.obj)

line level    source

   1          #include <REGX52.H>
   2          #include "Delay.h"  //包含Delay头文件
   3          
   4          unsigned char Nixie_Buf[9]={0,10,10,10,10,10,10,10,10};
   5          
   6          //数码管段码表
   7          unsigned char NixieTable[]={0x3F,0x06,0x5B,0x4F,0x66,0x6D,0x7D,0x07,0x7F,0x6F,0x00,0x40};
   8          
   9          void Nixie_SetBuf(unsigned char Location,Number)
  10          {
  11   1        Nixie_Buf[Location]=Number;
  12   1      }
  13          
  14          
  15          //数码管显示子函数
  16          void Nixie_Scan(unsigned char Location,Number)
  17          {
  18   1        P0=0x00;
  19   1        switch(Location)    //位码输出
  20   1        {
  21   2          case 1:P2_4=1;P2_3=1;P2_2=1;break;
  22   2          case 2:P2_4=1;P2_3=1;P2_2=0;break;
  23   2          case 3:P2_4=1;P2_3=0;P2_2=1;break;
  24   2          case 4:P2_4=1;P2_3=0;P2_2=0;break;
  25   2          case 5:P2_4=0;P2_3=1;P2_2=1;break;
  26   2          case 6:P2_4=0;P2_3=1;P2_2=0;break;
  27   2          case 7:P2_4=0;P2_3=0;P2_2=1;break;
  28   2          case 8:P2_4=0;P2_3=0;P2_2=0;break;
  29   2        }
  30   1        P0=NixieTable[Number];  //段码输出      
  31   1              
  32   1      }
  33          
  34          void Nixie_Loop(void)
  35          {
  36   1        static unsigned char i=1;
  37   1        Nixie_Scan(i,Nixie_Buf[i]);
  38   1        i++;
  39   1        if(i>=9){i=1;}
  40   1      }
  41          


MODULE INFORMATION:   STATIC OVERLAYABLE
   CODE SIZE        =    158    ----
   CONSTANT SIZE    =   ----    ----
   XDATA SIZE       =     22    ----
   PDATA SIZE       =   ----    ----
   DATA SIZE        =   ----    ----
   IDATA SIZE       =   ----    ----
   BIT SIZE         =   ----    ----
END OF MODULE INFORMATION.


C51 COMPILATION COMPLETE.  0 WARNING(S),  0 ERROR(S)
