C51 COMPILER V9.60.7.0   ONEWIRE                                                           06/06/2024 20:44:02 PAGE 1   


C51 COMPILER V9.60.7.0, COMPILATION OF MODULE ONEWIRE
OBJECT MODULE PLACED IN .\Objects\OneWire.obj
COMPILER INVOKED BY: F:\RUANJIAN\Keil_v5\C51\BIN\C51.EXE OneWire.c LARGE OPTIMIZE(8,SPEED) BROWSE DEBUG OBJECTEXTEND PRI
                    -NT(.\Listings\OneWire.lst) TABS(2) OBJECT(.\Objects\OneWire.obj)

line level    source

   1          #include <REGX52.H>
   2          
   3          //å¼•è„šå®šä¹‰
   4          sbit OneWire_DQ=P3^7;
   5          
   6          /**
   7            * @brief  å•æ€»çº¿åˆå§‹åŒ–
   8            * @param  æ— 
   9            * @retval ä»æœºå“åº”ä½ï¼Œ0ä¸ºå“åº”ï¼Œ1ä¸ºæœªå“åº”
  10            */
  11          unsigned char OneWire_Init(void)
  12          {
  13   1        unsigned char i;
  14   1        unsigned char AckBit;
  15   1        OneWire_DQ=1; // å°† OneWire æ€»çº¿æ‹‰é«˜ï¼Œå‡†å¤‡è¿›è¡Œåˆå§‹åŒ–
  16   1        OneWire_DQ=0; //å°† OneWire æ€»çº¿æ‹‰ä½ï¼Œå‘é€åˆå§‹åŒ–ä¿¡å·ã€‚
  17   1        i = 227;while (--i);    //Delay 500us åˆå§‹åŒ–ï¼šä¸»æœºå°†æ€»çº¿æ‹‰ä½è‡³å°‘480usï¼Œç„¶åé‡Šæ”¾æ€»çº¿ï¼Œç
             -­‰å¾…15~60usåï¼Œå­˜åœ¨çš„ä»æœºä¼šæ‹‰ä½æ€»çº¿60~240usä»¥å“åº”ä¸»æœºï¼Œä¹‹åä»æœºå°†é‡Šæ”¾æ€»çº¿
  18   1      
  19   1        OneWire_DQ=1;
  20   1        i = 29;while (--i);     //Delay 70us
  21   1        AckBit=OneWire_DQ;
  22   1        i = 227;while (--i);    //Delay 500us
  23   1        return AckBit;
  24   1      }
  25          
  26          /**
  27            * @brief  å•æ€»çº¿å‘é€ä¸€ä½
  28            * @param  Bit è¦å‘é€çš„ä½
  29            * @retval æ— 
  30            */
  31          void OneWire_SendBit(unsigned char Bit)
  32          {
  33   1        unsigned char i;
  34   1        OneWire_DQ=0;
  35   1        i = 2;while (--i);      //Delay 10us
  36   1        OneWire_DQ=Bit;
  37   1        i = 22;while (--i);     //Delay 50us
  38   1        OneWire_DQ=1;
  39   1      }
  40          
  41          /**
  42            * @brief  å•æ€»çº¿æ¥æ”¶ä¸€ä½
  43            * @param  æ— 
  44            * @retval è¯»å–çš„ä½
  45             *å‘é€ä¸€ä½ï¼šä¸»æœºå°†æ€»çº¿æ‹‰ä½60~120usï¼Œç„¶åé‡Šæ”¾æ€»çº¿ï¼Œè¡¨ç¤ºå‘é€0ï¼›ä¸»æœºå°†æ€»çº¿æ‹‰
             -ä½1~15usï¼Œ
  46              ç„¶åé‡Šæ”¾æ€»çº¿ï¼Œè¡¨ç¤ºå‘é€1ã€‚ä»æœºå°†åœ¨æ€»çº¿æ‹‰ä½30usåï¼ˆå…¸å‹å€¼ï¼‰è¯»å–ç”µå¹³ï¼Œæ•´ä¸ª
             -æ—¶é—´ç‰‡åº”å¤§äº60us
  47            */
  48          unsigned char OneWire_ReceiveBit(void)
  49          {
  50   1        unsigned char i;
  51   1        unsigned char Bit;
C51 COMPILER V9.60.7.0   ONEWIRE                                                           06/06/2024 20:44:02 PAGE 2   

  52   1        OneWire_DQ=0;
  53   1        i = 1;while (--i);      //Delay 5us
  54   1        OneWire_DQ=1;
  55   1        i = 1;while (--i);      //Delay 5us
  56   1        Bit=OneWire_DQ;
  57   1        i = 22;while (--i);     //Delay 50us
  58   1        return Bit;
  59   1      }
  60          
  61          /**
  62            * @brief  å•æ€»çº¿å‘é€ä¸€ä¸ªå­—èŠ‚
  63            * @param  Byte è¦å‘é€çš„å­—èŠ‚
  64            * @retval æ— 
  65            */
  66          void OneWire_SendByte(unsigned char Byte)
  67          {
  68   1        unsigned char i;
  69   1        for(i=0;i<8;i++)
  70   1        {
  71   2          OneWire_SendBit(Byte&(0x01<<i));
  72   2        }
  73   1      }
  74          
  75          /**
  76            * @brief  å•æ€»çº¿æ¥æ”¶ä¸€ä¸ªå­—èŠ‚
  77            * @param  æ— 
  78            * @retval æ¥æ”¶çš„ä¸€ä¸ªå­—èŠ‚
  79            */
  80          unsigned char OneWire_ReceiveByte(void)
  81          {
  82   1        unsigned char i;
  83   1        unsigned char Byte=0x00;
  84   1        for(i=0;i<8;i++)
  85   1        {
  86   2          if(OneWire_ReceiveBit()){Byte|=(0x01<<i);}
  87   2        }
  88   1        return Byte;
  89   1      }


MODULE INFORMATION:   STATIC OVERLAYABLE
   CODE SIZE        =    124    ----
   CONSTANT SIZE    =   ----    ----
   XDATA SIZE       =   ----    ----
   PDATA SIZE       =   ----    ----
   DATA SIZE        =   ----    ----
   IDATA SIZE       =   ----    ----
   BIT SIZE         =   ----    ----
END OF MODULE INFORMATION.


C51 COMPILATION COMPLETE.  0 WARNING(S),  0 ERROR(S)
