C51 COMPILER V9.60.7.0   TIMER0                                                            06/06/2024 20:44:02 PAGE 1   


C51 COMPILER V9.60.7.0, COMPILATION OF MODULE TIMER0
OBJECT MODULE PLACED IN .\Objects\Timer0.obj
COMPILER INVOKED BY: F:\RUANJIAN\Keil_v5\C51\BIN\C51.EXE Timer0.c LARGE OPTIMIZE(8,SPEED) BROWSE DEBUG OBJECTEXTEND PRIN
                    -T(.\Listings\Timer0.lst) TABS(2) OBJECT(.\Objects\Timer0.obj)

line level    source

   1          #include <REGX52.H>
   2          
   3          void Timer0_Init()
   4          {
   5   1          TMOD = TMOD & 0xF0; // 清零TMOD的低四位，确保定时器0工作在方式0
   6   1          TMOD = TMOD | 0x01; // 设置TMOD的低四位为0001，表示定时器0工作在方式1（16位定时
             -）
   7   1          TH0 = 0x4C;         // 设置定时器0的初始值的高8位
   8   1          TL0 = 0x00;         // 设置定时器0的初始值的低8位
   9   1          TF0 = 0;            // 定时器中断标志位清零
  10   1          TR0 = 1;            // 启动定时器0，开始计数
  11   1          ET0 = 1;            // 允许定时器0中断
  12   1          EA = 1;             // 允许总中断
  13   1          PT0 = 0;            // 定时器0中断的优先级设为低优先级
  14   1      }
  15          
  16          
  17          void Timer0_SetCounter(unsigned int val)
  18          {
  19   1          TH0 = val/256;
  20   1          TL0 = val%256;
  21   1      }
  22          
  23          
  24          unsigned int Timer0_GetCounter(void)
  25          {
  26   1          return (TH0<<8)|TL0;
  27   1      }
  28          
  29          void Timer0_Run(unsigned char flag)
  30          {
  31   1          TR0 = flag;
  32   1      }
  33          
  34          


MODULE INFORMATION:   STATIC OVERLAYABLE
   CODE SIZE        =     50    ----
   CONSTANT SIZE    =   ----    ----
   XDATA SIZE       =   ----    ----
   PDATA SIZE       =   ----    ----
   DATA SIZE        =   ----    ----
   IDATA SIZE       =   ----    ----
   BIT SIZE         =   ----    ----
END OF MODULE INFORMATION.


C51 COMPILATION COMPLETE.  0 WARNING(S),  0 ERROR(S)
