C51 COMPILER V9.60.7.0   XPT2046                                                           06/06/2024 20:44:02 PAGE 1   


C51 COMPILER V9.60.7.0, COMPILATION OF MODULE XPT2046
OBJECT MODULE PLACED IN .\Objects\XPT2046.obj
COMPILER INVOKED BY: F:\RUANJIAN\Keil_v5\C51\BIN\C51.EXE XPT2046.c LARGE OPTIMIZE(8,SPEED) BROWSE DEBUG OBJECTEXTEND PRI
                    -NT(.\Listings\XPT2046.lst) TABS(2) OBJECT(.\Objects\XPT2046.obj)

line level    source

   1          #include <REGX52.H>
   2          
   3          sbit XPT2046_DIN = P3^4;
   4          sbit XPT2046_CS = P3^5;
   5          sbit XPT2046_DCLK = P3^6;
   6          sbit XPT2046_DOUT = P3^7;
   7          
   8          /**
   9            * @brief  ZPT2046读取AD值
  10            * @param  Command 命令字，范围：头文件内定义的宏，结尾的数字表示转换的位数
  11            * @retval AD转换后的数字量，范围：8位为0~255，12位为0~4095
  12            */
  13          
  14          unsigned int XPT2046_ReadAD(unsigned char Command)
  15          {
  16   1          unsigned int ADvalue = 0; // 存储读取到的模拟信号值
  17   1          unsigned char i;
  18   1      
  19   1          XPT2046_DCLK = 0;  // 下降沿开始传输数据
  20   1          XPT2046_CS = 0;    // 使能片选，开始数据传输
  21   1      
  22   1          // 发送命令
  23   1          for (i = 0; i < 8; i++)
  24   1          {
  25   2              XPT2046_DIN = Command & (0x80 >> i);  // 从命令的高位开始发送数据
  26   2              XPT2046_DCLK = 1;  // 上升沿时，数据被传输
  27   2              XPT2046_DCLK = 0;  // 下降沿准备下一个数据位
  28   2          }
  29   1      
  30   1          // 读取模拟信号
  31   1          for (i = 0; i < 16; i++)
  32   1          {
  33   2              XPT2046_DCLK = 1;  // 上升沿
  34   2              XPT2046_DCLK = 0;  // 下降沿
  35   2      
  36   2              // 如果数据线为高电平，则将对应位置为1
  37   2              if (XPT2046_DOUT)
  38   2              {
  39   3                  ADvalue |= 0x8000 >> i;
  40   3              }
  41   2          }
  42   1      
  43   1          XPT2046_CS = 1;  // 关闭片选，结束数据传输
  44   1      
  45   1          return ADvalue >> 8;  // 返回高8位的模拟信号值
  46   1      }
  47          


MODULE INFORMATION:   STATIC OVERLAYABLE
   CODE SIZE        =    101    ----
   CONSTANT SIZE    =   ----    ----
   XDATA SIZE       =   ----       2
   PDATA SIZE       =   ----    ----
C51 COMPILER V9.60.7.0   XPT2046                                                           06/06/2024 20:44:02 PAGE 2   

   DATA SIZE        =   ----    ----
   IDATA SIZE       =   ----    ----
   BIT SIZE         =   ----    ----
END OF MODULE INFORMATION.


C51 COMPILATION COMPLETE.  0 WARNING(S),  0 ERROR(S)
